{
  "stats": {
    "suites": 2,
    "tests": 10,
    "passes": 10,
    "pending": 0,
    "failures": 0,
    "start": "2023-12-21T04:33:36.443Z",
    "end": "2023-12-21T04:33:39.798Z",
    "duration": 3355,
    "testsRegistered": 10,
    "passPercent": 100,
    "pendingPercent": 0,
    "other": 0,
    "hasOther": false,
    "skipped": 0,
    "hasSkipped": false
  },
  "results": [
    {
      "uuid": "325ef21e-ad0c-4fdd-a650-ef33f6739d1a",
      "title": "",
      "fullFile": "",
      "file": "",
      "beforeHooks": [],
      "afterHooks": [],
      "tests": [],
      "suites": [
        {
          "uuid": "e5d7a6f6-c921-425c-ae90-431d21688cfc",
          "title": "Scenario User",
          "fullFile": "E:\\AZP\\project\\Portofolio\\Portofolio-ApiAutomation-supertest-amar\\tests_explorer\\test_case\\1_user.js",
          "file": "\\tests_explorer\\test_case\\1_user.js",
          "beforeHooks": [
            {
              "title": "\"before all\" hook in \"Scenario User\"",
              "fullTitle": "Scenario User \"before all\" hook in \"Scenario User\"",
              "timedOut": false,
              "duration": 485,
              "state": null,
              "speed": null,
              "pass": false,
              "fail": false,
              "pending": false,
              "context": null,
              "code": "// Check Account\nlet query = `Select * from users where username = '${process.env.USER}'`;\nlet result = await db.query(\"localhost\", \"restful_api\", query);\n// console.log(result)\nif (result.length != 0) {\n    let response = await api_user.login(process.env.USER, process.env.PASSWORD);\n    global.token = response.body.data.token;\n    expect(response.status).to.equal(200);\n} \nelse {\n    let response = await api_user.createUser(process.env.USER, process.env.PASSWORD, process.env.NAME);\n    // console.log(response.body)\n    expect(response.status).to.equal(201);\n    response = await api_user.login(process.env.USER, process.env.PASSWORD);\n    global.token = response.body.data.token;\n    expect(response.status).to.equal(200);\n}",
              "err": {},
              "uuid": "29a86581-9375-42eb-a779-3988783ec247",
              "parentUUID": "e5d7a6f6-c921-425c-ae90-431d21688cfc",
              "isHook": true,
              "skipped": false
            }
          ],
          "afterHooks": [],
          "tests": [
            {
              "title": "Get Current User",
              "fullTitle": "Scenario User Get Current User",
              "timedOut": false,
              "duration": 277,
              "state": "passed",
              "speed": "slow",
              "pass": true,
              "fail": false,
              "pending": false,
              "context": null,
              "code": "let response = await api_user.getCurrentUser();\n// console.log(response.body)\nexpect(response.status).to.equal(200);\nexpect(response.body.data.username).to.equal(process.env.USER);",
              "err": {},
              "uuid": "f3ab627c-2354-42c5-9cf3-36c988ccd32a",
              "parentUUID": "e5d7a6f6-c921-425c-ae90-431d21688cfc",
              "isHook": false,
              "skipped": false
            },
            {
              "title": "Update User",
              "fullTitle": "Scenario User Update User",
              "timedOut": false,
              "duration": 304,
              "state": "passed",
              "speed": "slow",
              "pass": true,
              "fail": false,
              "pending": false,
              "context": null,
              "code": "let response = await api_user.updateUser(\"Amar HL2\", process.env.PASSWORD);\n// console.log(response.body)\nexpect(response.status).to.equal(200);",
              "err": {},
              "uuid": "6cde57dd-6bdc-44e2-9f1a-5f8fc89a271d",
              "parentUUID": "e5d7a6f6-c921-425c-ae90-431d21688cfc",
              "isHook": false,
              "skipped": false
            }
          ],
          "suites": [],
          "passes": [
            "f3ab627c-2354-42c5-9cf3-36c988ccd32a",
            "6cde57dd-6bdc-44e2-9f1a-5f8fc89a271d"
          ],
          "failures": [],
          "pending": [],
          "skipped": [],
          "duration": 581,
          "root": false,
          "rootEmpty": false,
          "_timeout": 0
        },
        {
          "uuid": "30fc75e5-b801-4a4e-be7b-4740a01af361",
          "title": "Scenario Contact Address",
          "fullFile": "E:\\AZP\\project\\Portofolio\\Portofolio-ApiAutomation-supertest-amar\\tests_explorer\\test_case\\2_contact_address.js",
          "file": "\\tests_explorer\\test_case\\2_contact_address.js",
          "beforeHooks": [
            {
              "title": "\"before all\" hook in \"Scenario Contact Address\"",
              "fullTitle": "Scenario Contact Address \"before all\" hook in \"Scenario Contact Address\"",
              "timedOut": false,
              "duration": 324,
              "state": null,
              "speed": null,
              "pass": false,
              "fail": false,
              "pending": false,
              "context": null,
              "code": "// Check Account\nlet query = `Select * from users where username = '${process.env.USER}'`;\nlet result = await db.query(\"localhost\", \"restful_api\", query);\n// console.log(result)\nif (result.length != 0) {\n    let response = await api_user.login(process.env.USER, process.env.PASSWORD);\n    global.token = response.body.data.token;\n    expect(response.status).to.equal(200);\n} \nelse {\n    let response = await api_user.createUser(process.env.USER, process.env.PASSWORD, process.env.NAME);\n    // console.log(response.body)\n    expect(response.status).to.equal(201);\n    response = await api_user.login(process.env.USER, process.env.PASSWORD);\n    global.token = response.body.data.token;\n    expect(response.status).to.equal(200);\n}",
              "err": {},
              "uuid": "6bf8ac4e-3498-44bb-bd25-9572151d7e68",
              "parentUUID": "30fc75e5-b801-4a4e-be7b-4740a01af361",
              "isHook": true,
              "skipped": false
            }
          ],
          "afterHooks": [],
          "tests": [
            {
              "title": "Create Contact",
              "fullTitle": "Scenario Contact Address Create Contact",
              "timedOut": false,
              "duration": 249,
              "state": "passed",
              "speed": "slow",
              "pass": true,
              "fail": false,
              "pending": false,
              "context": null,
              "code": "let requestData = {\n    \"first_name\": \"Amar\",\n    \"last_name\": \"Hapizh Lauza\",\n    \"email\": \"amarhapizhlauza@gmail.com\",\n    \"phone\": \"089665662337\"\n  }\nlet response = await api_contact.createContact(requestData);\n// console.log(response.body)\nglobal.idContact = response.body.data.id;\nexpect(response.status).to.equal(201);",
              "err": {},
              "uuid": "c6d153a1-a6a9-4f84-96cb-8a405cdd0743",
              "parentUUID": "30fc75e5-b801-4a4e-be7b-4740a01af361",
              "isHook": false,
              "skipped": false
            },
            {
              "title": "Create Address",
              "fullTitle": "Scenario Contact Address Create Address",
              "timedOut": false,
              "duration": 262,
              "state": "passed",
              "speed": "slow",
              "pass": true,
              "fail": false,
              "pending": false,
              "context": null,
              "code": "let requestData = {\n    \"street\": \"Kuningan\",\n    \"city\": \"Jakarta\",\n    \"province\": \"DKI Jakarta\",\n    \"country\": \"Indonesia\",\n    \"postal_code\": \"12940\"\n  }\nlet response = await api_address.createAddress(global.idContact, requestData);\n// console.log(response.body)\nglobal.idAddress = response.body.data.id;\nexpect(response.status).to.equal(201);\n// expect(response.body.data.username).to.equal(process.env.USER);",
              "err": {},
              "uuid": "7ebdae47-d9db-419f-9a31-444205d06a3d",
              "parentUUID": "30fc75e5-b801-4a4e-be7b-4740a01af361",
              "isHook": false,
              "skipped": false
            },
            {
              "title": "Get Contact",
              "fullTitle": "Scenario Contact Address Get Contact",
              "timedOut": false,
              "duration": 246,
              "state": "passed",
              "speed": "slow",
              "pass": true,
              "fail": false,
              "pending": false,
              "context": null,
              "code": "let response = await api_contact.getContact();\n// console.log(response.body)\nexpect(response.status).to.equal(200);",
              "err": {},
              "uuid": "cbf0b3c1-7fe7-467d-b43c-1b81f76dee6a",
              "parentUUID": "30fc75e5-b801-4a4e-be7b-4740a01af361",
              "isHook": false,
              "skipped": false
            },
            {
              "title": "Get Contact Id",
              "fullTitle": "Scenario Contact Address Get Contact Id",
              "timedOut": false,
              "duration": 229,
              "state": "passed",
              "speed": "slow",
              "pass": true,
              "fail": false,
              "pending": false,
              "context": null,
              "code": "let response = await api_contact.getContactId(global.idContact);\n// console.log(response.body)\nexpect(response.status).to.equal(200);",
              "err": {},
              "uuid": "efd7495b-7c54-44da-bf63-c4455e02080c",
              "parentUUID": "30fc75e5-b801-4a4e-be7b-4740a01af361",
              "isHook": false,
              "skipped": false
            },
            {
              "title": "Update Contact",
              "fullTitle": "Scenario Contact Address Update Contact",
              "timedOut": false,
              "duration": 234,
              "state": "passed",
              "speed": "slow",
              "pass": true,
              "fail": false,
              "pending": false,
              "context": null,
              "code": "let response = await api_contact.updateContact(global.idContact, dataUpdateContact);\nconsole.log(response.body)\nexpect(response.status).to.equal(200);",
              "err": {},
              "uuid": "85c2d2ef-b13b-477b-8744-f1d1f6cc397a",
              "parentUUID": "30fc75e5-b801-4a4e-be7b-4740a01af361",
              "isHook": false,
              "skipped": false
            },
            {
              "title": "Get Address",
              "fullTitle": "Scenario Contact Address Get Address",
              "timedOut": false,
              "duration": 233,
              "state": "passed",
              "speed": "slow",
              "pass": true,
              "fail": false,
              "pending": false,
              "context": null,
              "code": "let response = await api_address.getAddress(global.idContact);\n// console.log(response.body)\nexpect(response.status).to.equal(200);",
              "err": {},
              "uuid": "e4c400ce-4f77-46a3-9998-33de18aeaf05",
              "parentUUID": "30fc75e5-b801-4a4e-be7b-4740a01af361",
              "isHook": false,
              "skipped": false
            },
            {
              "title": "Get Address Id",
              "fullTitle": "Scenario Contact Address Get Address Id",
              "timedOut": false,
              "duration": 227,
              "state": "passed",
              "speed": "slow",
              "pass": true,
              "fail": false,
              "pending": false,
              "context": null,
              "code": "let response = await api_address.getAddressId(global.idContact, global.idAddress);\n// console.log(response.body)\nexpect(response.status).to.equal(200);",
              "err": {},
              "uuid": "5bbb44a8-6871-4720-9da9-b7b66916993e",
              "parentUUID": "30fc75e5-b801-4a4e-be7b-4740a01af361",
              "isHook": false,
              "skipped": false
            },
            {
              "title": "Update Address",
              "fullTitle": "Scenario Contact Address Update Address",
              "timedOut": false,
              "duration": 261,
              "state": "passed",
              "speed": "slow",
              "pass": true,
              "fail": false,
              "pending": false,
              "context": null,
              "code": "let response = await api_address.updateAddress(global.idContact, global.idAddress, dataUpdateAddress);\nconsole.log(response.body)\nexpect(response.status).to.equal(200);",
              "err": {},
              "uuid": "6c56c52d-4381-4ca9-a5d3-2ada22050fa0",
              "parentUUID": "30fc75e5-b801-4a4e-be7b-4740a01af361",
              "isHook": false,
              "skipped": false
            }
          ],
          "suites": [],
          "passes": [
            "c6d153a1-a6a9-4f84-96cb-8a405cdd0743",
            "7ebdae47-d9db-419f-9a31-444205d06a3d",
            "cbf0b3c1-7fe7-467d-b43c-1b81f76dee6a",
            "efd7495b-7c54-44da-bf63-c4455e02080c",
            "85c2d2ef-b13b-477b-8744-f1d1f6cc397a",
            "e4c400ce-4f77-46a3-9998-33de18aeaf05",
            "5bbb44a8-6871-4720-9da9-b7b66916993e",
            "6c56c52d-4381-4ca9-a5d3-2ada22050fa0"
          ],
          "failures": [],
          "pending": [],
          "skipped": [],
          "duration": 1941,
          "root": false,
          "rootEmpty": false,
          "_timeout": 0
        }
      ],
      "passes": [],
      "failures": [],
      "pending": [],
      "skipped": [],
      "duration": 0,
      "root": true,
      "rootEmpty": true,
      "_timeout": 0
    }
  ],
  "meta": {
    "mocha": {
      "version": "10.2.0"
    },
    "mochawesome": {
      "options": {
        "quiet": false,
        "reportFilename": "mochawesome",
        "saveHtml": true,
        "saveJson": true,
        "consoleReporter": "spec",
        "useInlineDiffs": false,
        "code": true
      },
      "version": "7.1.3"
    },
    "marge": {
      "options": null,
      "version": "6.2.0"
    }
  }
}